<?xml version="1.0" encoding="UTF-8"?>
<testng-results skipped="0" failed="0" ignored="0" total="1" passed="1">
  <reporter-output>
  </reporter-output>
  <suite name="Default suite" duration-ms="127388" started-at="2022-03-18T07:59:13Z" finished-at="2022-03-18T08:01:21Z">
    <groups>
    </groups>
    <test name="Default test" duration-ms="127388" started-at="2022-03-18T07:59:13Z" finished-at="2022-03-18T08:01:21Z">
      <class name="test.AddCustomeTest">
        <test-method status="PASS" signature="validUserShouldbeCreateCustomer()[pri:0, instance:test.AddCustomeTest@7f77e91b]" name="validUserShouldbeCreateCustomer" duration-ms="127367" started-at="2022-03-18T07:59:13Z" finished-at="2022-03-18T08:01:21Z">
          <reporter-output>
          </reporter-output>
        </test-method> <!-- validUserShouldbeCreateCustomer -->
      </class> <!-- test.AddCustomeTest -->
    </test> <!-- Default test -->
  </suite> <!-- Default suite -->
</testng-results>
